mode: set
github.com/luxfi/adx/cmd/adx-miner/main.go:19.13,21.22 1 0
github.com/luxfi/adx/cmd/adx-miner/main.go:21.22,24.3 2 0
github.com/luxfi/adx/cmd/adx-miner/main.go:26.2,29.17 3 0
github.com/luxfi/adx/cmd/adx-miner/main.go:30.15,31.15 1 0
github.com/luxfi/adx/cmd/adx-miner/main.go:32.14,33.14 1 0
github.com/luxfi/adx/cmd/adx-miner/main.go:34.16,35.15 1 0
github.com/luxfi/adx/cmd/adx-miner/main.go:36.18,37.17 1 0
github.com/luxfi/adx/cmd/adx-miner/main.go:38.17,39.87 1 0
github.com/luxfi/adx/cmd/adx-miner/main.go:40.10,43.13 3 0
github.com/luxfi/adx/cmd/adx-miner/main.go:47.19,62.2 14 0
github.com/luxfi/adx/cmd/adx-miner/main.go:64.19,77.19 3 0
github.com/luxfi/adx/cmd/adx-miner/main.go:77.19,79.3 1 0
github.com/luxfi/adx/cmd/adx-miner/main.go:81.2,96.17 8 0
github.com/luxfi/adx/cmd/adx-miner/main.go:97.20,101.4 1 0
github.com/luxfi/adx/cmd/adx-miner/main.go:102.15,107.4 1 0
github.com/luxfi/adx/cmd/adx-miner/main.go:108.20,112.4 1 0
github.com/luxfi/adx/cmd/adx-miner/main.go:113.19,116.4 1 0
github.com/luxfi/adx/cmd/adx-miner/main.go:117.16,118.22 1 0
github.com/luxfi/adx/cmd/adx-miner/main.go:118.22,120.4 1 0
github.com/luxfi/adx/cmd/adx-miner/main.go:121.3,124.4 1 0
github.com/luxfi/adx/cmd/adx-miner/main.go:125.10,126.49 1 0
github.com/luxfi/adx/cmd/adx-miner/main.go:130.2,139.18 8 0
github.com/luxfi/adx/cmd/adx-miner/main.go:139.18,141.3 1 0
github.com/luxfi/adx/cmd/adx-miner/main.go:144.2,144.34 1 0
github.com/luxfi/adx/cmd/adx-miner/main.go:144.34,146.3 1 0
github.com/luxfi/adx/cmd/adx-miner/main.go:148.2,153.9 4 0
github.com/luxfi/adx/cmd/adx-miner/main.go:156.18,160.2 2 0
github.com/luxfi/adx/cmd/adx-miner/main.go:162.19,172.2 9 0
github.com/luxfi/adx/cmd/adx-miner/main.go:174.21,188.2 13 0
github.com/luxfi/adx/cmd/adx-exchange/main.go:31.13,43.14 3 0
github.com/luxfi/adx/cmd/adx-exchange/main.go:43.14,46.3 2 0
github.com/luxfi/adx/cmd/adx-exchange/main.go:48.2,53.23 2 0
github.com/luxfi/adx/cmd/adx-exchange/main.go:53.23,62.3 1 0
github.com/luxfi/adx/cmd/adx-exchange/main.go:62.8,64.3 1 0
github.com/luxfi/adx/cmd/adx-exchange/main.go:67.2,122.12 7 0
github.com/luxfi/adx/cmd/adx-exchange/main.go:122.12,125.56 3 0
github.com/luxfi/adx/cmd/adx-exchange/main.go:125.56,127.4 1 0
github.com/luxfi/adx/cmd/adx-exchange/main.go:131.2,138.46 5 0
github.com/luxfi/adx/cmd/adx-exchange/main.go:141.60,144.2 2 0
github.com/luxfi/adx/cmd/adx-exchange/main.go:146.65,147.54 1 0
github.com/luxfi/adx/cmd/adx-exchange/main.go:147.54,148.34 1 0
github.com/luxfi/adx/cmd/adx-exchange/main.go:148.34,151.4 2 0
github.com/luxfi/adx/cmd/adx-exchange/main.go:153.3,154.69 2 0
github.com/luxfi/adx/cmd/adx-exchange/main.go:154.69,157.4 2 0
github.com/luxfi/adx/cmd/adx-exchange/main.go:160.3,161.17 2 0
github.com/luxfi/adx/cmd/adx-exchange/main.go:161.17,164.4 2 0
github.com/luxfi/adx/cmd/adx-exchange/main.go:166.3,167.41 2 0
github.com/luxfi/adx/cmd/adx-exchange/main.go:171.41,172.54 1 0
github.com/luxfi/adx/cmd/adx-exchange/main.go:172.54,228.3 5 0
github.com/luxfi/adx/cmd/adx-exchange/main.go:231.67,232.54 1 0
github.com/luxfi/adx/cmd/adx-exchange/main.go:232.54,235.44 1 0
github.com/luxfi/adx/cmd/adx-exchange/main.go:235.44,235.59 1 0
github.com/luxfi/adx/cmd/adx-exchange/main.go:238.3,239.17 2 0
github.com/luxfi/adx/cmd/adx-exchange/main.go:239.17,242.4 2 0
github.com/luxfi/adx/cmd/adx-exchange/main.go:243.3,248.7 3 0
github.com/luxfi/adx/cmd/adx-exchange/main.go:248.7,250.46 2 0
github.com/luxfi/adx/cmd/adx-exchange/main.go:250.46,252.10 2 0
github.com/luxfi/adx/cmd/adx-exchange/main.go:256.4,256.40 1 0
github.com/luxfi/adx/cmd/adx-exchange/main.go:261.64,266.55 4 0
github.com/luxfi/adx/cmd/adx-exchange/main.go:266.55,268.3 1 0
github.com/luxfi/adx/examples/publica_integration.go:17.13,47.2 11 0
github.com/luxfi/adx/examples/publica_integration.go:50.45,91.2 4 0
github.com/luxfi/adx/examples/publica_integration.go:94.79,122.2 2 0
github.com/luxfi/adx/examples/publica_integration.go:125.51,189.16 5 0
github.com/luxfi/adx/examples/publica_integration.go:189.16,192.3 2 0
github.com/luxfi/adx/examples/publica_integration.go:195.2,195.50 1 0
github.com/luxfi/adx/examples/publica_integration.go:195.50,199.44 3 0
github.com/luxfi/adx/examples/publica_integration.go:199.44,200.36 1 0
github.com/luxfi/adx/examples/publica_integration.go:200.36,204.5 3 0
github.com/luxfi/adx/examples/publica_integration.go:207.3,207.75 1 0
github.com/luxfi/adx/examples/publica_integration.go:212.45,228.16 5 0
github.com/luxfi/adx/examples/publica_integration.go:228.16,231.3 2 0
github.com/luxfi/adx/examples/publica_integration.go:233.2,238.55 4 0
github.com/luxfi/adx/examples/publica_integration.go:242.67,268.2 17 0
github.com/luxfi/adx/examples/publica_integration.go:271.66,276.27 3 0
github.com/luxfi/adx/examples/publica_integration.go:276.27,283.3 1 0
github.com/luxfi/adx/examples/publica_integration.go:286.2,299.58 12 0
github.com/luxfi/adx/examples/publica_integration.go:304.31,306.2 1 0
github.com/luxfi/adx/examples/publica_integration.go:308.53,310.27 2 0
github.com/luxfi/adx/examples/publica_integration.go:310.27,312.3 1 0
github.com/luxfi/adx/examples/publica_integration.go:313.2,313.14 1 0
github.com/luxfi/adx/examples/publica_integration.go:316.60,318.28 1 0
github.com/luxfi/adx/examples/publica_integration.go:318.28,335.17 3 0
github.com/luxfi/adx/examples/publica_integration.go:335.17,347.4 2 0
github.com/luxfi/adx/examples/publica_integration.go:351.66,352.41 1 0
github.com/luxfi/adx/examples/publica_integration.go:352.41,355.3 1 0
github.com/luxfi/adx/pkg/analytics/tracker.go:201.46,214.2 1 0
github.com/luxfi/adx/pkg/analytics/tracker.go:217.71,235.9 3 0
github.com/luxfi/adx/pkg/analytics/tracker.go:236.30,236.30 0 0
github.com/luxfi/adx/pkg/analytics/tracker.go:237.10,237.10 0 0
github.com/luxfi/adx/pkg/analytics/tracker.go:242.2,242.27 1 0
github.com/luxfi/adx/pkg/analytics/tracker.go:246.97,247.50 1 0
github.com/luxfi/adx/pkg/analytics/tracker.go:247.50,253.19 4 0
github.com/luxfi/adx/pkg/analytics/tracker.go:253.19,256.4 2 0
github.com/luxfi/adx/pkg/analytics/tracker.go:259.3,259.44 1 0
github.com/luxfi/adx/pkg/analytics/tracker.go:259.44,260.36 1 0
github.com/luxfi/adx/pkg/analytics/tracker.go:260.36,263.5 2 0
github.com/luxfi/adx/pkg/analytics/tracker.go:268.2,269.39 2 0
github.com/luxfi/adx/pkg/analytics/tracker.go:273.110,285.52 3 0
github.com/luxfi/adx/pkg/analytics/tracker.go:285.52,288.3 2 0
github.com/luxfi/adx/pkg/analytics/tracker.go:289.2,292.19 2 0
github.com/luxfi/adx/pkg/analytics/tracker.go:292.19,294.3 1 0
github.com/luxfi/adx/pkg/analytics/tracker.go:297.2,297.24 1 0
github.com/luxfi/adx/pkg/analytics/tracker.go:301.87,305.15 3 0
github.com/luxfi/adx/pkg/analytics/tracker.go:305.15,310.3 4 0
github.com/luxfi/adx/pkg/analytics/tracker.go:314.72,330.2 1 0
github.com/luxfi/adx/pkg/analytics/tracker.go:333.114,338.9 4 0
github.com/luxfi/adx/pkg/analytics/tracker.go:338.9,340.3 1 0
github.com/luxfi/adx/pkg/analytics/tracker.go:343.2,348.16 2 0
github.com/luxfi/adx/pkg/analytics/tracker.go:348.16,350.3 1 0
github.com/luxfi/adx/pkg/analytics/tracker.go:352.2,362.20 2 0
github.com/luxfi/adx/pkg/analytics/tracker.go:367.84,368.25 1 0
github.com/luxfi/adx/pkg/analytics/tracker.go:368.25,370.3 1 0
github.com/luxfi/adx/pkg/analytics/tracker.go:371.2,371.24 1 0
github.com/luxfi/adx/pkg/analytics/tracker.go:371.24,373.3 1 0
github.com/luxfi/adx/pkg/analytics/tracker.go:374.2,374.11 1 0
github.com/luxfi/adx/pkg/analytics/tracker.go:377.84,378.26 1 0
github.com/luxfi/adx/pkg/analytics/tracker.go:378.26,380.3 1 0
github.com/luxfi/adx/pkg/analytics/tracker.go:381.2,381.11 1 0
github.com/luxfi/adx/pkg/analytics/tracker.go:384.83,385.27 1 0
github.com/luxfi/adx/pkg/analytics/tracker.go:385.27,386.36 1 0
github.com/luxfi/adx/pkg/analytics/tracker.go:387.10,388.16 1 0
github.com/luxfi/adx/pkg/analytics/tracker.go:389.13,390.19 1 0
github.com/luxfi/adx/pkg/analytics/tracker.go:391.11,392.20 1 0
github.com/luxfi/adx/pkg/analytics/tracker.go:395.2,395.18 1 0
github.com/luxfi/adx/pkg/analytics/tracker.go:398.83,399.56 1 0
github.com/luxfi/adx/pkg/analytics/tracker.go:399.56,401.3 1 0
github.com/luxfi/adx/pkg/analytics/tracker.go:402.2,402.11 1 0
github.com/luxfi/adx/pkg/analytics/tracker.go:405.72,406.34 1 0
github.com/luxfi/adx/pkg/analytics/tracker.go:406.34,407.23 1 0
github.com/luxfi/adx/pkg/analytics/tracker.go:407.23,409.4 1 0
github.com/luxfi/adx/pkg/analytics/tracker.go:411.2,411.14 1 0
github.com/luxfi/adx/pkg/analytics/tracker.go:414.69,416.2 1 0
github.com/luxfi/adx/pkg/analytics/tracker.go:418.59,424.48 4 0
github.com/luxfi/adx/pkg/analytics/tracker.go:424.48,430.3 1 0
github.com/luxfi/adx/pkg/analytics/tracker.go:432.2,432.41 1 0
github.com/luxfi/adx/pkg/analytics/tracker.go:435.71,439.15 3 0
github.com/luxfi/adx/pkg/analytics/tracker.go:439.15,442.3 2 0
github.com/luxfi/adx/pkg/analytics/tracker.go:445.2,445.41 1 0
github.com/luxfi/adx/pkg/analytics/tracker.go:445.41,447.3 1 0
github.com/luxfi/adx/pkg/analytics/tracker.go:448.2,448.41 1 0
github.com/luxfi/adx/pkg/analytics/tracker.go:448.41,450.3 1 0
github.com/luxfi/adx/pkg/analytics/tracker.go:453.77,457.43 3 0
github.com/luxfi/adx/pkg/analytics/tracker.go:457.43,462.3 1 0
github.com/luxfi/adx/pkg/analytics/tracker.go:464.2,465.43 2 0
github.com/luxfi/adx/pkg/analytics/tracker.go:465.43,471.3 2 0
github.com/luxfi/adx/pkg/analytics/tracker.go:502.44,506.2 1 0
github.com/luxfi/adx/pkg/analytics/tracker.go:509.53,514.2 4 0
github.com/luxfi/adx/pkg/analytics/tracker.go:517.71,522.26 4 0
github.com/luxfi/adx/pkg/analytics/tracker.go:522.26,523.44 1 0
github.com/luxfi/adx/pkg/analytics/tracker.go:523.44,525.56 2 0
github.com/luxfi/adx/pkg/analytics/tracker.go:525.56,526.10 1 0
github.com/luxfi/adx/pkg/analytics/tracker.go:531.2,531.21 1 0
github.com/luxfi/adx/pkg/analytics/tracker.go:535.123,542.2 1 0
github.com/luxfi/adx/pkg/analytics/tracker.go:544.80,545.89 1 0
github.com/luxfi/adx/pkg/analytics/tracker.go:545.89,547.3 1 0
github.com/luxfi/adx/pkg/analytics/tracker.go:549.2,549.32 1 0
github.com/luxfi/adx/pkg/analytics/tracker.go:549.32,551.39 2 0
github.com/luxfi/adx/pkg/analytics/tracker.go:551.39,552.23 1 0
github.com/luxfi/adx/pkg/analytics/tracker.go:552.23,554.10 2 0
github.com/luxfi/adx/pkg/analytics/tracker.go:557.3,557.13 1 0
github.com/luxfi/adx/pkg/analytics/tracker.go:557.13,559.4 1 0
github.com/luxfi/adx/pkg/analytics/tracker.go:562.2,562.13 1 0
github.com/luxfi/adx/pkg/analytics/tracker.go:566.51,605.2 2 0
github.com/luxfi/adx/pkg/publica/ssp_integration.go:55.60,68.2 1 0
github.com/luxfi/adx/pkg/publica/ssp_integration.go:71.48,73.2 1 0
github.com/luxfi/adx/pkg/publica/ssp_integration.go:76.121,98.2 8 0
github.com/luxfi/adx/pkg/publica/ssp_integration.go:101.87,103.29 1 0
github.com/luxfi/adx/pkg/publica/ssp_integration.go:103.29,104.34 1 0
github.com/luxfi/adx/pkg/publica/ssp_integration.go:104.34,122.4 2 0
github.com/luxfi/adx/pkg/publica/ssp_integration.go:125.2,125.16 1 0
github.com/luxfi/adx/pkg/publica/ssp_integration.go:129.109,134.39 3 0
github.com/luxfi/adx/pkg/publica/ssp_integration.go:134.39,135.25 1 0
github.com/luxfi/adx/pkg/publica/ssp_integration.go:135.25,137.33 2 0
github.com/luxfi/adx/pkg/publica/ssp_integration.go:137.33,139.5 1 0
github.com/luxfi/adx/pkg/publica/ssp_integration.go:144.2,145.45 2 0
github.com/luxfi/adx/pkg/publica/ssp_integration.go:145.45,146.10 1 0
github.com/luxfi/adx/pkg/publica/ssp_integration.go:147.27,148.39 1 0
github.com/luxfi/adx/pkg/publica/ssp_integration.go:149.18,150.9 1 0
github.com/luxfi/adx/pkg/publica/ssp_integration.go:154.2,154.18 1 0
github.com/luxfi/adx/pkg/publica/ssp_integration.go:158.130,179.2 1 0
github.com/luxfi/adx/pkg/publica/ssp_integration.go:182.83,185.33 2 0
github.com/luxfi/adx/pkg/publica/ssp_integration.go:185.33,186.40 1 0
github.com/luxfi/adx/pkg/publica/ssp_integration.go:186.40,188.4 1 0
github.com/luxfi/adx/pkg/publica/ssp_integration.go:193.2,193.16 1 0
github.com/luxfi/adx/pkg/publica/ssp_integration.go:197.108,205.42 3 0
github.com/luxfi/adx/pkg/publica/ssp_integration.go:205.42,207.22 2 0
github.com/luxfi/adx/pkg/publica/ssp_integration.go:207.22,209.4 1 0
github.com/luxfi/adx/pkg/publica/ssp_integration.go:211.3,216.55 2 0
github.com/luxfi/adx/pkg/publica/ssp_integration.go:219.2,219.17 1 0
github.com/luxfi/adx/pkg/publica/ssp_integration.go:223.89,229.26 2 0
github.com/luxfi/adx/pkg/publica/ssp_integration.go:229.26,282.3 2 0
github.com/luxfi/adx/pkg/publica/ssp_integration.go:284.2,284.26 1 0
github.com/luxfi/adx/pkg/publica/ssp_integration.go:302.42,307.2 1 0
github.com/luxfi/adx/pkg/publica/ssp_integration.go:326.78,329.30 2 0
github.com/luxfi/adx/pkg/publica/ssp_integration.go:329.30,330.38 1 0
github.com/luxfi/adx/pkg/publica/ssp_integration.go:330.38,331.40 1 0
github.com/luxfi/adx/pkg/publica/ssp_integration.go:331.40,333.5 1 0
github.com/luxfi/adx/pkg/publica/ssp_integration.go:337.2,337.17 1 0
github.com/luxfi/adx/pkg/publica/ssp_integration.go:341.89,343.56 1 0
github.com/luxfi/adx/pkg/publica/ssp_integration.go:343.56,345.44 1 0
github.com/luxfi/adx/pkg/publica/ssp_integration.go:345.44,346.44 1 0
github.com/luxfi/adx/pkg/publica/ssp_integration.go:346.44,348.5 1 0
github.com/luxfi/adx/pkg/publica/ssp_integration.go:353.2,353.34 1 0
github.com/luxfi/adx/pkg/publica/ssp_integration.go:353.34,355.61 1 0
github.com/luxfi/adx/pkg/publica/ssp_integration.go:355.61,357.4 1 0
github.com/luxfi/adx/pkg/publica/ssp_integration.go:360.2,360.13 1 0
github.com/luxfi/adx/pkg/miner/home_miner.go:91.73,101.2 1 1
github.com/luxfi/adx/pkg/miner/home_miner.go:104.41,109.2 1 1
github.com/luxfi/adx/pkg/miner/home_miner.go:112.53,119.2 1 1
github.com/luxfi/adx/pkg/miner/home_miner.go:121.31,125.2 3 1
github.com/luxfi/adx/pkg/miner/home_miner.go:127.32,129.17 1 1
github.com/luxfi/adx/pkg/miner/home_miner.go:129.17,131.3 1 1
github.com/luxfi/adx/pkg/miner/home_miner.go:132.2,132.18 1 1
github.com/luxfi/adx/pkg/miner/home_miner.go:132.18,134.3 1 1
github.com/luxfi/adx/pkg/miner/home_miner.go:135.2,135.27 1 1
github.com/luxfi/adx/pkg/miner/home_miner.go:139.35,141.40 1 0
github.com/luxfi/adx/pkg/miner/home_miner.go:141.40,143.3 1 0
github.com/luxfi/adx/pkg/miner/home_miner.go:146.2,151.12 3 0
github.com/luxfi/adx/pkg/miner/home_miner.go:155.41,156.22 1 0
github.com/luxfi/adx/pkg/miner/home_miner.go:157.24,158.29 1 0
github.com/luxfi/adx/pkg/miner/home_miner.go:159.19,160.24 1 0
github.com/luxfi/adx/pkg/miner/home_miner.go:161.22,163.13 2 0
github.com/luxfi/adx/pkg/miner/home_miner.go:164.10,165.65 1 0
github.com/luxfi/adx/pkg/miner/home_miner.go:170.45,175.16 3 0
github.com/luxfi/adx/pkg/miner/home_miner.go:175.16,177.3 1 0
github.com/luxfi/adx/pkg/miner/home_miner.go:180.2,181.12 2 0
github.com/luxfi/adx/pkg/miner/home_miner.go:185.40,188.36 2 0
github.com/luxfi/adx/pkg/miner/home_miner.go:188.36,190.3 1 0
github.com/luxfi/adx/pkg/miner/home_miner.go:193.2,197.16 3 0
github.com/luxfi/adx/pkg/miner/home_miner.go:197.16,199.3 1 0
github.com/luxfi/adx/pkg/miner/home_miner.go:200.2,204.12 3 0
github.com/luxfi/adx/pkg/miner/home_miner.go:208.39,215.2 5 0
github.com/luxfi/adx/pkg/miner/home_miner.go:218.69,222.2 2 0
github.com/luxfi/adx/pkg/miner/home_miner.go:225.73,228.2 2 0
github.com/luxfi/adx/pkg/miner/home_miner.go:231.70,238.2 4 0
github.com/luxfi/adx/pkg/miner/home_miner.go:241.42,244.2 0 0
github.com/luxfi/adx/pkg/miner/home_miner.go:247.52,262.30 5 1
github.com/luxfi/adx/pkg/miner/home_miner.go:262.30,264.3 1 1
github.com/luxfi/adx/pkg/miner/home_miner.go:266.2,266.11 1 1
github.com/luxfi/adx/pkg/miner/home_miner.go:270.43,272.2 1 0
github.com/luxfi/adx/pkg/miner/home_miner.go:275.34,278.2 1 0
